C:\Program Files\Microsoft Visual Studio\2022\Community\MSBuild\Microsoft\VC\v170\Microsoft.CppBuild.targets(531,5): warning MSB8028: промежуточный каталог (x64\Debug\) содержит файлы, которые используются совместно с другим проектом (Electro chain.vcxproj, Fact.vcxproj).  Это может привести к ошибкам очистки и перестроения.
  MyForm.cpp
F:\Study\GitHub\Calculation-of-electric-circuit-prop\Elec.h(111,11): warning C4244: инициализация: преобразование "int" в "float", возможна потеря данных
  (компиляция исходного файла "MyForm.cpp")
  
F:\Study\GitHub\Calculation-of-electric-circuit-prop\Elec.h(112,11): warning C4244: инициализация: преобразование "int" в "float", возможна потеря данных
  (компиляция исходного файла "MyForm.cpp")
  
F:\Study\GitHub\Calculation-of-electric-circuit-prop\Elec.h(140,11): warning C4244: инициализация: преобразование "int" в "float", возможна потеря данных
  (компиляция исходного файла "MyForm.cpp")
  
F:\Study\GitHub\Calculation-of-electric-circuit-prop\Elec.h(141,11): warning C4244: инициализация: преобразование "int" в "float", возможна потеря данных
  (компиляция исходного файла "MyForm.cpp")
  
F:\Study\GitHub\Calculation-of-electric-circuit-prop\Elec.h(209,11): warning C4244: инициализация: преобразование "int" в "float", возможна потеря данных
  (компиляция исходного файла "MyForm.cpp")
  
F:\Study\GitHub\Calculation-of-electric-circuit-prop\Elec.h(210,11): warning C4244: инициализация: преобразование "int" в "float", возможна потеря данных
  (компиляция исходного файла "MyForm.cpp")
  
F:\Study\GitHub\Calculation-of-electric-circuit-prop\Elec.h(273,11): warning C4244: инициализация: преобразование "int" в "float", возможна потеря данных
  (компиляция исходного файла "MyForm.cpp")
  
F:\Study\GitHub\Calculation-of-electric-circuit-prop\Elec.h(274,11): warning C4244: инициализация: преобразование "int" в "float", возможна потеря данных
  (компиляция исходного файла "MyForm.cpp")
  
F:\Study\GitHub\Calculation-of-electric-circuit-prop\Elec.h(333,11): warning C4244: инициализация: преобразование "int" в "float", возможна потеря данных
  (компиляция исходного файла "MyForm.cpp")
  
F:\Study\GitHub\Calculation-of-electric-circuit-prop\Elec.h(334,11): warning C4244: инициализация: преобразование "int" в "float", возможна потеря данных
  (компиляция исходного файла "MyForm.cpp")
  
F:\Study\GitHub\Calculation-of-electric-circuit-prop\Tree.h(39,32): warning C4244: аргумент: преобразование "float" в "int", возможна потеря данных
  (компиляция исходного файла "MyForm.cpp")
  
F:\Study\GitHub\Calculation-of-electric-circuit-prop\Tree.h(41,73): warning C4244: аргумент: преобразование "float" в "int", возможна потеря данных
  (компиляция исходного файла "MyForm.cpp")
  
F:\Study\GitHub\Calculation-of-electric-circuit-prop\Tree.h(42,76): warning C4244: аргумент: преобразование "float" в "int", возможна потеря данных
  (компиляция исходного файла "MyForm.cpp")
  
F:\Study\GitHub\Calculation-of-electric-circuit-prop\Tree.h(43,76): warning C4244: аргумент: преобразование "float" в "int", возможна потеря данных
  (компиляция исходного файла "MyForm.cpp")
  
F:\Study\GitHub\Calculation-of-electric-circuit-prop\Tree.h(129,12): warning C4244: инициализация: преобразование "int" в "float", возможна потеря данных
  (компиляция исходного файла "MyForm.cpp")
  
F:\Study\GitHub\Calculation-of-electric-circuit-prop\Tree.h(130,12): warning C4244: инициализация: преобразование "int" в "float", возможна потеря данных
  (компиляция исходного файла "MyForm.cpp")
  
F:\Study\GitHub\Calculation-of-electric-circuit-prop\Tree.h(132,12): warning C4244: инициализация: преобразование "int" в "float", возможна потеря данных
  (компиляция исходного файла "MyForm.cpp")
  
F:\Study\GitHub\Calculation-of-electric-circuit-prop\Tree.h(133,12): warning C4244: инициализация: преобразование "int" в "float", возможна потеря данных
  (компиляция исходного файла "MyForm.cpp")
  
F:\Study\GitHub\Calculation-of-electric-circuit-prop\Tree.h(134,20): warning C4244: аргумент: преобразование "float" в "int", возможна потеря данных
  (компиляция исходного файла "MyForm.cpp")
  
F:\Study\GitHub\Calculation-of-electric-circuit-prop\Tree.h(135,20): warning C4244: аргумент: преобразование "float" в "int", возможна потеря данных
  (компиляция исходного файла "MyForm.cpp")
  
F:\Study\GitHub\Calculation-of-electric-circuit-prop\Tree.h(144,16): warning C4244: инициализация: преобразование "int" в "float", возможна потеря данных
  (компиляция исходного файла "MyForm.cpp")
  
F:\Study\GitHub\Calculation-of-electric-circuit-prop\Tree.h(145,16): warning C4244: инициализация: преобразование "int" в "float", возможна потеря данных
  (компиляция исходного файла "MyForm.cpp")
  
F:\Study\GitHub\Calculation-of-electric-circuit-prop\Tree.h(146,17): warning C4244: инициализация: преобразование "int" в "float", возможна потеря данных
  (компиляция исходного файла "MyForm.cpp")
  
F:\Study\GitHub\Calculation-of-electric-circuit-prop\Tree.h(166,15): warning C4244: инициализация: преобразование "int" в "float", возможна потеря данных
  (компиляция исходного файла "MyForm.cpp")
  
F:\Study\GitHub\Calculation-of-electric-circuit-prop\Tree.h(169,23): warning C4244: аргумент: преобразование "float" в "int", возможна потеря данных
  (компиляция исходного файла "MyForm.cpp")
  
F:\Study\GitHub\Calculation-of-electric-circuit-prop\Tree.h(174,23): warning C4244: аргумент: преобразование "float" в "int", возможна потеря данных
  (компиляция исходного файла "MyForm.cpp")
  
F:\Study\GitHub\Calculation-of-electric-circuit-prop\Tree.h(185,40): warning C4244: аргумент: преобразование "int" в "float", возможна потеря данных
  (компиляция исходного файла "MyForm.cpp")
  
F:\Study\GitHub\Calculation-of-electric-circuit-prop\Tree.h(187,43): warning C4244: аргумент: преобразование "int" в "float", возможна потеря данных
  (компиляция исходного файла "MyForm.cpp")
  
F:\Study\GitHub\Calculation-of-electric-circuit-prop\Tree.h(236,13): warning C4244: инициализация: преобразование "double" в "float", возможна потеря данных
  (компиляция исходного файла "MyForm.cpp")
  
F:\Study\GitHub\Calculation-of-electric-circuit-prop\Tree.h(250,33): warning C4244: +=: преобразование "double" в "float", возможна потеря данных
  (компиляция исходного файла "MyForm.cpp")
  
F:\Study\GitHub\Calculation-of-electric-circuit-prop\Tree.h(302,32): warning C4244: +=: преобразование "double" в "float", возможна потеря данных
  (компиляция исходного файла "MyForm.cpp")
  
F:\Study\GitHub\Calculation-of-electric-circuit-prop\MyForm.h(105,63): warning C4244: аргумент: преобразование "int" в "float", возможна потеря данных
  (компиляция исходного файла "MyForm.cpp")
  
  MyForm.obj : обнаружен модуль MSIL; для MSIL последовательная компоновка отключена; выполняется полная компоновка
  Fact.vcxproj -> F:\Study\GitHub\Calculation-of-electric-circuit-prop\x64\Debug\Electric circuit.exe
